Determining if the pthread_create exist failed with the following output:
Change Dir: /home/elvis/catkin_ws/build/CMakeFiles/CMakeTmp

Run Build Command:"/usr/bin/make" "cmTC_c2c63/fast"
/usr/bin/make -f CMakeFiles/cmTC_c2c63.dir/build.make CMakeFiles/cmTC_c2c63.dir/build
make[1]: 进入目录“/home/elvis/catkin_ws/build/CMakeFiles/CMakeTmp”
Building C object CMakeFiles/cmTC_c2c63.dir/CheckSymbolExists.c.o
/usr/bin/cc    -o CMakeFiles/cmTC_c2c63.dir/CheckSymbolExists.c.o   -c /home/elvis/catkin_ws/build/CMakeFiles/CMakeTmp/CheckSymbolExists.c
Linking C executable cmTC_c2c63
/usr/bin/cmake -E cmake_link_script CMakeFiles/cmTC_c2c63.dir/link.txt --verbose=1
/usr/bin/cc      -rdynamic CMakeFiles/cmTC_c2c63.dir/CheckSymbolExists.c.o  -o cmTC_c2c63 
CMakeFiles/cmTC_c2c63.dir/CheckSymbolExists.c.o：在函数‘main’中：
CheckSymbolExists.c:(.text+0x1b)：对‘pthread_create’未定义的引用
collect2: error: ld returned 1 exit status
CMakeFiles/cmTC_c2c63.dir/build.make:97: recipe for target 'cmTC_c2c63' failed
make[1]: *** [cmTC_c2c63] Error 1
make[1]: 离开目录“/home/elvis/catkin_ws/build/CMakeFiles/CMakeTmp”
Makefile:126: recipe for target 'cmTC_c2c63/fast' failed
make: *** [cmTC_c2c63/fast] Error 2

File /home/elvis/catkin_ws/build/CMakeFiles/CMakeTmp/CheckSymbolExists.c:
/* */
#include <pthread.h>

int main(int argc, char** argv)
{
  (void)argv;
#ifndef pthread_create
  return ((int*)(&pthread_create))[argc];
#else
  (void)argc;
  return 0;
#endif
}

Determining if the function pthread_create exists in the pthreads failed with the following output:
Change Dir: /home/elvis/catkin_ws/build/CMakeFiles/CMakeTmp

Run Build Command:"/usr/bin/make" "cmTC_107fc/fast"
/usr/bin/make -f CMakeFiles/cmTC_107fc.dir/build.make CMakeFiles/cmTC_107fc.dir/build
make[1]: 进入目录“/home/elvis/catkin_ws/build/CMakeFiles/CMakeTmp”
Building C object CMakeFiles/cmTC_107fc.dir/CheckFunctionExists.c.o
/usr/bin/cc   -DCHECK_FUNCTION_EXISTS=pthread_create   -o CMakeFiles/cmTC_107fc.dir/CheckFunctionExists.c.o   -c /usr/share/cmake-3.10/Modules/CheckFunctionExists.c
Linking C executable cmTC_107fc
/usr/bin/cmake -E cmake_link_script CMakeFiles/cmTC_107fc.dir/link.txt --verbose=1
/usr/bin/cc  -DCHECK_FUNCTION_EXISTS=pthread_create    -rdynamic CMakeFiles/cmTC_107fc.dir/CheckFunctionExists.c.o  -o cmTC_107fc -lpthreads 
/usr/bin/ld: 找不到 -lpthreads
collect2: error: ld returned 1 exit status
CMakeFiles/cmTC_107fc.dir/build.make:97: recipe for target 'cmTC_107fc' failed
make[1]: *** [cmTC_107fc] Error 1
make[1]: 离开目录“/home/elvis/catkin_ws/build/CMakeFiles/CMakeTmp”
Makefile:126: recipe for target 'cmTC_107fc/fast' failed
make: *** [cmTC_107fc/fast] Error 2


